<?xml version="1.0" encoding="UTF-8"?>
<testng-results total="2" passed="2" failed="0" skipped="0">
  <reporter-output>
  </reporter-output>
  <suite started-at="2023-03-04T11:47:20Z" name="Suite" finished-at="2023-03-04T11:47:32Z" duration-ms="12594">
    <groups>
    </groups>
    <test started-at="2023-03-04T11:47:20Z" name="Test" finished-at="2023-03-04T11:47:32Z" duration-ms="12594">
      <class name="com.mymaven.test.RegisterTest">
        <test-method is-config="true" signature="configureStart()" started-at="2023-03-04T11:47:19Z" name="configureStart" finished-at="2023-03-04T11:47:20Z" duration-ms="1199" status="PASS">
        </test-method>
        <test-method is-config="true" signature="setupBrowser()" started-at="2023-03-04T11:47:20Z" name="setupBrowser" finished-at="2023-03-04T11:47:27Z" duration-ms="7549" status="PASS">
        </test-method>
        <test-method signature="verifyRegisteringWithAllFields()" started-at="2023-03-04T11:47:27Z" name="verifyRegisteringWithAllFields" finished-at="2023-03-04T11:47:27Z" duration-ms="0" status="PASS">
        </test-method>
        <test-method is-config="true" signature="quitBrowser()" started-at="2023-03-04T11:47:27Z" name="quitBrowser" finished-at="2023-03-04T11:47:28Z" duration-ms="388" status="PASS">
        </test-method>
        <test-method is-config="true" signature="setupBrowser()" started-at="2023-03-04T11:47:28Z" name="setupBrowser" finished-at="2023-03-04T11:47:32Z" duration-ms="4406" status="PASS">
        </test-method>
        <test-method signature="verifyRegisteringWithMandatory()" started-at="2023-03-04T11:47:32Z" name="verifyRegisteringWithMandatory" finished-at="2023-03-04T11:47:32Z" duration-ms="0" status="PASS">
        </test-method>
        <test-method is-config="true" signature="quitBrowser()" started-at="2023-03-04T11:47:32Z" name="quitBrowser" finished-at="2023-03-04T11:47:32Z" duration-ms="234" status="PASS">
        </test-method>
      </class>
    </test>
  </suite>
</testng-results>
